[INFO] Scanning for projects...
[INFO] 
[INFO] ------------------------------------------------------------------------
[INFO] Building webcrawler 0.0.1-SNAPSHOT
[INFO] ------------------------------------------------------------------------
[INFO] 
[INFO] --- exec-maven-plugin:1.5.0:java (default-cli) @ webcrawler ---
Terminate batch job (Y/N)? 
[INFO] Scanning for projects...
[INFO] 
[INFO] ------------------------------------------------------------------------
[INFO] Building webcrawler 0.0.1-SNAPSHOT
[INFO] ------------------------------------------------------------------------
[INFO] 
[INFO] --- exec-maven-plugin:1.5.0:java (default-cli) @ webcrawler ---
Item : https://www.prudential.co.uk/responsibility/communities/engagement/chairmans-challenge Count : com.sidsawant.webcrawler.page.WebPage@d91fdf6e
Item : https://www.prudential.co.uk/news/news-releases/2017/18-05-2017a Count : com.sidsawant.webcrawler.page.WebPage@e94dedbf
Item : https://www.prudential.co.uk/~/media/Files/P/Prudential-V2/news-releases/2011/risk_factors-090311xyz.pdf Count : com.sidsawant.webcrawler.page.WebPage@ce82e567
Item : https://www.prudential.co.uk/investors/regulatory-news/lse Count : com.sidsawant.webcrawler.page.WebPage@b4f3c971
Item : https://www.prudential.co.uk/~/media/Files/P/Prudential-V2/content-pdf/fact-file-2018-chinese.pdf Count : com.sidsawant.webcrawler.page.WebPage@13231201
Item : https://www.prudential.co.uk/responsibility/environment Count : com.sidsawant.webcrawler.page.WebPage@52bb44a
Item : https://www.prudential.co.uk/responsibility/communities Count : com.sidsawant.webcrawler.page.WebPage@eaaee8a9
Item : https://www.prudential.co.uk/about-us/our-history/timeline-prudential-over-the-years/1902-1961 Count : com.sidsawant.webcrawler.page.WebPage@5ff65f29
Item : https://www.prudential.co.uk/news/news-releases/2018/14-03-2018a Count : com.sidsawant.webcrawler.page.WebPage@6166d7a3
Item : https://www.prudential.co.uk/~/media/Files/P/Prudential-V2/news-releases/2010/2010-08-12_english_1.pdf Count : com.sidsawant.webcrawler.page.WebPage@4aece1cd
Item : https://www.prudential.co.uk/~/media/Files/P/Prudential-V2/bond-issues/bond-issues-13-2.pdf Count : com.sidsawant.webcrawler.page.WebPage@67758e76
Item : https://www.prudential.co.uk/~/media/Files/P/Prudential-V2/bond-issues/pru-finnancial-17022017.pdf Count : com.sidsawant.webcrawler.page.WebPage@9b58ae5e
Item : https://www.prudential.co.uk/news/news-releases/2017/14-03-2017 Count : com.sidsawant.webcrawler.page.WebPage@29b0b11a
Item : https://www.prudential.co.uk/investors/reports/reports/archive/2010/item16/hy-report-2010 Count : com.sidsawant.webcrawler.page.WebPage@6ec7d445
Item : https://www.prudential.co.uk/news/news-releases/2016/10-11-2016 Count : com.sidsawant.webcrawler.page.WebPage@5147a738
Item : https://www.prudential.co.uk/~/media/Files/P/Prudential-V2/bond-issues/bond-issues-04-05.pdf Count : com.sidsawant.webcrawler.page.WebPage@2482bb85
Item : https://www.prudential.co.uk/insights/shifting-demographics-exposes-the-gap-for-income-products Count : com.sidsawant.webcrawler.page.WebPage@b7c7db65
Item : https://www.prudential.co.uk/about-us/our-leadership/group-executive-committee/group-executive-committee/mark-fitzpatrick Count : com.sidsawant.webcrawler.page.WebPage@37962fc3
Item : https://www.prudential.co.uk/~/media/Files/P/Prudential-V2/reports/2017/prudential-plc-form-20-f-2017.pdf Count : com.sidsawant.webcrawler.page.WebPage@18cd77ca
Item : https://www.prudential.co.uk/investors/calendar/archive/2017 Count : com.sidsawant.webcrawler.page.WebPage@f3b39dba
Item : https://www.prudential.co.uk/investors/calendar/archive/2016 Count : com.sidsawant.webcrawler.page.WebPage@66a6baaa
Item : https://www.prudential.co.uk/insights/the-role-of-positivity-in-investing Count : com.sidsawant.webcrawler.page.WebPage@ec152799
Item : https://www.prudential.co.uk/rss/calendar Count : com.sidsawant.webcrawler.page.WebPage@1c2ae6df
Item : https://www.prudential.co.uk/~/media/Files/P/Prudential-V2/bond-issues/bond-issues-2015-amended.pdf Count : com.sidsawant.webcrawler.page.WebPage@f643b952
Item : https://www.prudential.co.uk/~/media/Files/P/Prudential-V2/hkex/2017/2017-02-23-chinese.pdf Count : com.sidsawant.webcrawler.page.WebPage@ec635b30
Item : https://www.prudential.co.uk/insights Count : com.sidsawant.webcrawler.page.WebPage@cc91c35d
Item : https://www.prudential.co.uk/rss/results-archive Count : com.sidsawant.webcrawler.page.WebPage@c6956948
Item : https://www.prudential.co.uk/investors/reports/reports/archive/2010/item1/annual-report-2010 Count : com.sidsawant.webcrawler.page.WebPage@aa119b65
Item : https://www.prudential.co.uk/~/media/Files/P/Prudential-V2/hkex/2017/2017-08-10.pdf Count : com.sidsawant.webcrawler.page.WebPage@b37b1a28
Item : https://www.prudential.co.uk/news/news-releases/2016/16-11-2016 Count : com.sidsawant.webcrawler.page.WebPage@af033cb8
Item : https://www.prudential.co.uk/investors/governance-and-policies/board-committees-terms-of-reference Count : com.sidsawant.webcrawler.page.WebPage@e03850ff
Item : https://www.prudential.co.uk/~/media/Files/P/Prudential-V2/content-pdf/ar2016-risk-cttee-pgs-103-105.pdf Count : com.sidsawant.webcrawler.page.WebPage@56c471f7
Item : https://www.prudential.co.uk/investors/share-price-information Count : com.sidsawant.webcrawler.page.WebPage@eb0c68be
Item : https://www.prudential.co.uk/investors/presentations/2016 Count : com.sidsawant.webcrawler.page.WebPage@3fcf743d
Item : https://www.prudential.co.uk/investors/shareholder-information/dividend/drip-share-purchase-price Count : com.sidsawant.webcrawler.page.WebPage@dfe81f74
Item : https://www.prudential.co.uk/investors/presentations/2017 Count : com.sidsawant.webcrawler.page.WebPage@ae477731
Item : https://www.prudential.co.uk/investors/presentations/2018 Count : com.sidsawant.webcrawler.page.WebPage@cefe41c8
Item : https://www.prudential.co.uk/about-us/our-history/prudential-and-the-titanic/community-investment Count : com.sidsawant.webcrawler.page.WebPage@c9f6c7b2
Item : https://www.prudential.co.uk/~/media/Files/P/Prudential-V2/news-releases/2011/2011-11-08-q3-ims.pdf Count : com.sidsawant.webcrawler.page.WebPage@af6b527e
Item : https://www.prudential.co.uk/about-us/our-history/prudential-and-the-first-world-war/world-war-one Count : com.sidsawant.webcrawler.page.WebPage@4eecdaee
Item : https://www.prudential.co.uk/responsibility/communities/inclusion/prudential-ridelondon Count : com.sidsawant.webcrawler.page.WebPage@c397cf1c
Item : https://www.prudential.co.uk/contacts/media-enquiries Count : com.sidsawant.webcrawler.page.WebPage@a2622b16
Item : https://www.prudential.co.uk/responsibility/people Count : com.sidsawant.webcrawler.page.WebPage@43d5480f
Item : https://www.prudential.co.uk/about-us/how-our-business-works Count : com.sidsawant.webcrawler.page.WebPage@cd1d838d
Item : https://www.prudential.co.uk/about-us/our-history/our-archives Count : com.sidsawant.webcrawler.page.WebPage@78ac6a0a
Item : https://www.prudential.co.uk/news/news-releases/2010 Count : com.sidsawant.webcrawler.page.WebPage@e5bd8f2
Item : https://www.prudential.co.uk/news/news-releases/2018/01-03-2018a Count : com.sidsawant.webcrawler.page.WebPage@496b4bc9
Item : https://www.prudential.co.uk/investors/reports/reports Count : com.sidsawant.webcrawler.page.WebPage@a4beb30f
Item : https://www.prudential.co.uk/news/news-releases/2011 Count : com.sidsawant.webcrawler.page.WebPage@d03fd851
Item : https://www.prudential.co.uk/news/news-releases Count : com.sidsawant.webcrawler.page.WebPage@888793c7
Item : https://www.prudential.co.uk/~/media/Files/P/Prudential-V2/content-pdf/ar2016-additional-info-pg-107.pdf Count : com.sidsawant.webcrawler.page.WebPage@22ce8e0e
Item : https://www.prudential.co.uk/~/media/Files/P/Prudential-V2/hkex/2016/2016-11-10a.pdf Count : com.sidsawant.webcrawler.page.WebPage@19768857
Item : https://www.prudential.co.uk/site-services/accessibility Count : com.sidsawant.webcrawler.page.WebPage@5dd1d2e6
Item : https://www.prudential.co.uk/~/media/Files/P/Prudential-V2/content-pdf/cr-report-2016.pdf Count : com.sidsawant.webcrawler.page.WebPage@1d6b986a
Item : https://www.prudential.co.uk/~/media/Files/P/Prudential-V2/news-releases/2010/2010-10-15-chinese.pdf Count : com.sidsawant.webcrawler.page.WebPage@7be6b16
Item : https://www.prudential.co.uk/news/news-releases/2017/28-06-2017 Count : com.sidsawant.webcrawler.page.WebPage@aa69865b
Item : https://www.prudential.co.uk/contacts/investor-relations/credit-company-contact Count : com.sidsawant.webcrawler.page.WebPage@9b503adc
Item : https://www.prudential.co.uk/investors/governance-and-policies/anti-bribery-and-corruption-policy Count : com.sidsawant.webcrawler.page.WebPage@8e668263
Item : https://www.prudential.co.uk/~/media/Files/P/Prudential-V2/content-pdf/income-tax-flyer-changes-from-06-04-16.docx Count : com.sidsawant.webcrawler.page.WebPage@5a3894b7
Item : https://www.prudential.co.uk/about-us/our-leadership/group-executive-committee/group-executive-committee/jonathan-oliver Count : com.sidsawant.webcrawler.page.WebPage@945d80e7
Item : https://www.prudential.co.uk/news/news-releases/2018/01-03-2018 Count : com.sidsawant.webcrawler.page.WebPage@3dd374b6
Item : https://www.prudential.co.uk/~/media/Files/P/Prudential-V2/reports/2018/prudential-plc-2018-half-year-financial-report.pdf Count : com.sidsawant.webcrawler.page.WebPage@f575b002
Item : https://www.prudential.co.uk/about-us/our-leadership/group-executive-committee/group-executive-committee/james-turner Count : com.sidsawant.webcrawler.page.WebPage@3ff55f7d
Item : https://www.prudential.co.uk/news/news-releases/2010/07-06-2010 Count : com.sidsawant.webcrawler.page.WebPage@e5c70b4d
Item : https://www.prudential.co.uk/investors/financial-highlights/ifrs-operating-profit Count : com.sidsawant.webcrawler.page.WebPage@12875c99
Item : https://www.prudential.co.uk/~/media/Files/P/Prudential-V2/content-pdf/ar2017-remuneration-cttee-pgs-123-157.pdf Count : com.sidsawant.webcrawler.page.WebPage@3b6b7db7
Item : https://www.prudential.co.uk/news/news-releases/2018/09-01-2018 Count : com.sidsawant.webcrawler.page.WebPage@4f0cae6c
Item : https://www.prudential.co.uk/responsibility/communities/disaster-readiness Count : com.sidsawant.webcrawler.page.WebPage@726adf6b
Item : https://www.prudential.co.uk/~/media/Files/P/Prudential-V2/bond-issues/pru-finnancial.pdf Count : com.sidsawant.webcrawler.page.WebPage@a896e1
Item : https://www.prudential.co.uk/responsibility/communities/inclusion/remedial-intervention-for-children-with-learning-disabilities Count : com.sidsawant.webcrawler.page.WebPage@5527d004
Item : https://www.prudential.co.uk/contacts/responsibility Count : com.sidsawant.webcrawler.page.WebPage@b589aefa
Item : https://www.prudential.co.uk/~/media/Files/P/Prudential-V2/news-releases/2011/2011-05-11-chinese.pdf Count : com.sidsawant.webcrawler.page.WebPage@2e8db90c
Item : https://www.prudential.co.uk/~/media/Files/P/Prudential-V2/news-releases/2011/2011-11-15-english.pdf Count : com.sidsawant.webcrawler.page.WebPage@71f64198
Item : https://www.prudential.co.uk/investors/financial-highlights/eev-operating-profit Count : com.sidsawant.webcrawler.page.WebPage@254163ed
Item : https://www.prudential.co.uk/news/news-releases/2016/19-01-2016a Count : com.sidsawant.webcrawler.page.WebPage@c46d6132
Item : https://www.prudential.co.uk/insights/the-role-of-insurance-in-asean-markets Count : com.sidsawant.webcrawler.page.WebPage@f8263cf0
Item : https://www.prudential.co.uk/investors/results-centre/results-archive/archive/2011 Count : com.sidsawant.webcrawler.page.WebPage@47bda2b8
Item : https://www.prudential.co.uk/investors/results-centre/results-archive/archive/2010 Count : com.sidsawant.webcrawler.page.WebPage@400ca7e9
Item : https://www.prudential.co.uk/about-us/our-leadership/board-of-directors/executive-directors/nic-nicandrou Count : com.sidsawant.webcrawler.page.WebPage@857bdefc
Item : https://www.prudential.co.uk/news/mandgprudential-demerger/video Count : com.sidsawant.webcrawler.page.WebPage@1b29f632
Item : https://www.prudential.co.uk/news/news-releases/2016/19-01-2016b Count : com.sidsawant.webcrawler.page.WebPage@8d190c68
Item : https://www.prudential.co.uk/~/media/Files/P/Prudential-V2/news-releases/2011/2011-12-20-english.pdf Count : com.sidsawant.webcrawler.page.WebPage@8cd6c891
Item : https://www.prudential.co.uk/~/media/Files/P/Prudential-V2/content-pdf/ar2017-nomination-gov-cttee-pgs-101-104.pdf Count : com.sidsawant.webcrawler.page.WebPage@4f9355a9
Item : https://www.prudential.co.uk/responsibility/approach Count : com.sidsawant.webcrawler.page.WebPage@b2e17d2d
Item : https://www.prudential.co.uk/~/media/Files/P/Prudential-V2/interviews/a-growing-asian-footprint.pdf Count : com.sidsawant.webcrawler.page.WebPage@ba8804aa
Item : https://www.prudential.co.uk/news/news-releases/2011/20-12-2011 Count : com.sidsawant.webcrawler.page.WebPage@c653b3ef
Item : https://www.prudential.co.uk/news/news-releases/2018/01-08-2018 Count : com.sidsawant.webcrawler.page.WebPage@8df61116
Item : https://www.prudential.co.uk/news/news-releases/2017/18-05-2017 Count : com.sidsawant.webcrawler.page.WebPage@8fe5d520
Item : https://www.prudential.co.uk/~/media/Files/P/Prudential-V2/content-pdf/retirement-journeys.pdf Count : com.sidsawant.webcrawler.page.WebPage@91f20d81
Item : https://www.prudential.co.uk/~/media/Files/P/Prudential-V2/hkex/2016/2016-02-16.pdf Count : com.sidsawant.webcrawler.page.WebPage@ce120954
Item : https://www.prudential.co.uk/investors/presentations/archive/2011 Count : com.sidsawant.webcrawler.page.WebPage@c015ff08
Item : https://www.prudential.co.uk/investors/presentations/archive/2010 Count : com.sidsawant.webcrawler.page.WebPage@170743c9
Item : https://www.prudential.co.uk/~/media/Files/P/Prudential-V2/hkex/2016/2016-02-01.pdf Count : com.sidsawant.webcrawler.page.WebPage@cc16bb30
Item : https://www.prudential.co.uk/responsibility/communities/education/the-bee-programme-teaching-inner-city-children-enterprise-skills Count : com.sidsawant.webcrawler.page.WebPage@5503f001
Item : https://www.prudential.co.uk/~/media/Files/P/Prudential-V2/news-releases/2011/ifrs_hy11.pdf Count : com.sidsawant.webcrawler.page.WebPage@67cbdf85
Item : https://www.prudential.co.uk/news/news-releases/2017/12-07-2017a Count : com.sidsawant.webcrawler.page.WebPage@9961bd87
Item : https://www.prudential.co.uk/responsibility/communities/education/the-zone-preparing-young-people-for-their-careers Count : com.sidsawant.webcrawler.page.WebPage@2fef3b0b
Item : https://www.prudential.co.uk/~/media/Files/P/Prudential-V2/bond-issues/bond-issues-03.pdf Count : com.sidsawant.webcrawler.page.WebPage@d7165e32
Item : https://www.prudential.co.uk/news/news-releases/2017/08-09-2017 Count : com.sidsawant.webcrawler.page.WebPage@a26fc67d
Item : https://www.prudential.co.uk/~/media/Files/P/Prudential-V2/news-releases/2016/IFRS-disclosure-10-08-16.pdf Count : com.sidsawant.webcrawler.page.WebPage@17f8db5b
Item : https://www.prudential.co.uk/about-us/our-history/prudence-the-face-of-our-business Count : com.sidsawant.webcrawler.page.WebPage@23f7a7c
Item : https://www.prudential.co.uk/investors/reports/reports/archive/2011/item1/annual-report-2011 Count : com.sidsawant.webcrawler.page.WebPage@abeaf246
Item : https://www.prudential.co.uk/about-us/our-leadership/group-executive-committee/group-executive-committee/julian-adams Count : com.sidsawant.webcrawler.page.WebPage@e4f30e16
Item : https://www.prudential.co.uk/news/executive-interviews/a-growing-asian-footprint Count : com.sidsawant.webcrawler.page.WebPage@fb3e668b
Item : https://www.prudential.co.uk/contacts Count : com.sidsawant.webcrawler.page.WebPage@f3c4549a
Item : https://www.prudential.co.uk/about-us/our-leadership/board-of-directors/executive-directors/john-foley Count : com.sidsawant.webcrawler.page.WebPage@e478f73b
Item : https://www.prudential.co.uk/responsibility/communities/inclusion/sportsaid-encouraging-emerging-talent Count : com.sidsawant.webcrawler.page.WebPage@cc969d12
Item : https://www.prudential.co.uk/~/media/Files/P/Prudential-V2/hkex/2016/2016-08-10-chinese.pdf Count : com.sidsawant.webcrawler.page.WebPage@bebbc0a8
Item : https://www.prudential.co.uk/news/news-releases/2011/22-07-2011 Count : com.sidsawant.webcrawler.page.WebPage@de66e6bb
Item : https://www.prudential.co.uk/news/news-releases/2010/09-03-2010 Count : com.sidsawant.webcrawler.page.WebPage@f69b81dd
Item : https://www.prudential.co.uk/insights/mike-wells-driving-an-emotional-connection-with-customers Count : com.sidsawant.webcrawler.page.WebPage@1b2831f5
Item : https://www.prudential.co.uk/investors/reports Count : com.sidsawant.webcrawler.page.WebPage@2b944a5f
Item : https://www.prudential.co.uk/about-us/our-leadership/board-of-directors/non-executive-directors/tom-watjen Count : com.sidsawant.webcrawler.page.WebPage@4373100a
Item : https://www.prudential.co.uk/news/news-releases/2010/14-04-2010 Count : com.sidsawant.webcrawler.page.WebPage@743a096
Item : https://www.prudential.co.uk/site-services Count : com.sidsawant.webcrawler.page.WebPage@bff3ad07
Item : https://www.prudential.co.uk/~/media/Files/P/Prudential-V2/content-pdf/ar2016-audit-cttee-pgs-95-102.pdf Count : com.sidsawant.webcrawler.page.WebPage@f6d674a2
Item : https://www.prudential.co.uk/news/news-releases/2018/10-01-2018 Count : com.sidsawant.webcrawler.page.WebPage@4933258f
Item : https://www.prudential.co.uk/~/media/Files/P/Prudential-V2/hkex/2018/2018-03-14b-chinese.pdf Count : com.sidsawant.webcrawler.page.WebPage@8e05ce17
Item : https://www.prudential.co.uk/rss/reports Count : com.sidsawant.webcrawler.page.WebPage@e10caf1c
Item : https://www.prudential.co.uk/~/media/Files/P/Prudential-V2/hkex/2018/2018-08-08-chinese.pdf Count : com.sidsawant.webcrawler.page.WebPage@e44e0c51
Item : https://www.prudential.co.uk/~/media/Files/P/Prudential-V2/news-releases/2011/2010-08-05_hy11_english.pdf Count : com.sidsawant.webcrawler.page.WebPage@30ca6ada
Item : https://www.prudential.co.uk/news/news-releases/2016/14-11-2016 Count : com.sidsawant.webcrawler.page.WebPage@29dbe00d
Item : https://www.prudential.co.uk/about-us/our-leadership/board-of-directors/non-executive-directors/kai-nargolwala Count : com.sidsawant.webcrawler.page.WebPage@c83d9ec4
Item : https://www.prudential.co.uk/news/news-releases/2016/14-06-2016 Count : com.sidsawant.webcrawler.page.WebPage@38d7489a
Item : https://www.prudential.co.uk/about-us/our-leadership/group-executive-committee/group-executive-committee/al-noor-ramji Count : com.sidsawant.webcrawler.page.WebPage@1c1e3952
Item : https://www.prudential.co.uk/news/news-releases/2011/24-01-2011 Count : com.sidsawant.webcrawler.page.WebPage@fe2030f9
Item : https://www.prudential.co.uk/news/news-releases/2016/09-03-2016 Count : com.sidsawant.webcrawler.page.WebPage@11510423
Item : https://www.prudential.co.uk/~/media/Files/P/Prudential-V2/hkex/2017/2017-11-16-investor-day-english.pdf Count : com.sidsawant.webcrawler.page.WebPage@80c5cac7
Item : https://www.prudential.co.uk/responsibility Count : com.sidsawant.webcrawler.page.WebPage@a772cf4d
Item : https://www.prudential.co.uk/~/media/Files/P/Prudential-V2/content-pdf/gngc-tor-at-06-12-2017.pdf Count : com.sidsawant.webcrawler.page.WebPage@6043344f
Item : https://www.prudential.co.uk/site-services/fraud-misuse-of-prudential-name Count : com.sidsawant.webcrawler.page.WebPage@9ea5ba23
Item : https://www.prudential.co.uk/~/media/Files/P/Prudential-V2/bond-issues/bond-issues-10.pdf Count : com.sidsawant.webcrawler.page.WebPage@d8a0f04e
Item : https://www.prudential.co.uk/investors/shareholder-information/agm/archive/2011 Count : com.sidsawant.webcrawler.page.WebPage@74cb6ede
Item : https://www.prudential.co.uk/~/media/Files/P/Prudential-V2/hkex/2018/2018-08-08b.pdf Count : com.sidsawant.webcrawler.page.WebPage@bc91c837
Item : https://www.prudential.co.uk/~/media/Files/P/Prudential-V2/news-releases/2011/news-release-bus-rev-090311.pdf Count : com.sidsawant.webcrawler.page.WebPage@3de81e16
Item : https://www.prudential.co.uk/investors/shareholder-information/agm/archive/2010 Count : com.sidsawant.webcrawler.page.WebPage@9e62f35e
Item : https://www.prudential.co.uk/about-us Count : com.sidsawant.webcrawler.page.WebPage@42579611
Item : https://www.prudential.co.uk/about-us/our-history/prudential-and-the-first-world-war/contribution-of-the-company Count : com.sidsawant.webcrawler.page.WebPage@7cc9ebcc
Item : https://www.prudential.co.uk/news/news-releases/2018/16-01-2018 Count : com.sidsawant.webcrawler.page.WebPage@8569a106
Item : https://www.prudential.co.uk/~/media/Files/P/Prudential-V2/hkex/2016/2016-01-19b.pdf Count : com.sidsawant.webcrawler.page.WebPage@3496cc50
Item : https://www.prudential.co.uk/investors/governance-and-policies/community-investment-policy Count : com.sidsawant.webcrawler.page.WebPage@970b7344
Item : https://www.prudential.co.uk/news/news-releases/2017/25-07-2017 Count : com.sidsawant.webcrawler.page.WebPage@cacbaa7a
Item : https://www.prudential.co.uk/~/media/Files/P/Prudential-V2/content-pdf/gac-tor-at-06-12-2017-chinese.pdf Count : com.sidsawant.webcrawler.page.WebPage@c2ed3903
Item : https://www.prudential.co.uk/about-us/our-history/prudential-and-the-titanic/the-titanic-and-other-claims Count : com.sidsawant.webcrawler.page.WebPage@b803e3fa
Item : https://www.prudential.co.uk/about-us/our-leadership/group-executive-committee/group-executive-committee/mike-wells Count : com.sidsawant.webcrawler.page.WebPage@b20ea778
Item : https://www.prudential.co.uk/about-us/our-strategy Count : com.sidsawant.webcrawler.page.WebPage@a645f2a0
Item : https://www.prudential.co.uk/~/media/Files/P/Prudential-V2/news-releases/2016/news-release-busrev-10-08-16.pdf Count : com.sidsawant.webcrawler.page.WebPage@95882b54
Item : https://www.prudential.co.uk/~/media/Files/P/Prudential-V2/news-releases/2018/2017-full-year-financial-supplement.xlsx Count : com.sidsawant.webcrawler.page.WebPage@3db33b37
Item : https://www.prudential.co.uk/news/news-releases/2016/16-02-2016 Count : com.sidsawant.webcrawler.page.WebPage@bf5ee1be
Item : https://www.prudential.co.uk/about-us/our-leadership/board-of-directors/non-executive-directors/lord-turner Count : com.sidsawant.webcrawler.page.WebPage@36fba3da
Item : https://www.prudential.co.uk/~/media/Files/P/Prudential-V2/content-pdf/prudential-plc-privacy-policy.pdf Count : com.sidsawant.webcrawler.page.WebPage@bf687ca
Item : https://www.prudential.co.uk/about-us/our-history/pre-wwii-business/przedwojenne-interesy-prudential-w-polsce Count : com.sidsawant.webcrawler.page.WebPage@88572f3a
Item : https://www.prudential.co.uk/news/news-releases/2018/25-07-2018 Count : com.sidsawant.webcrawler.page.WebPage@8a9b54ef
Item : https://www.prudential.co.uk/responsibility/performance/external-assurance-of-responsibility-reporting Count : com.sidsawant.webcrawler.page.WebPage@202775e2
Item : https://www.prudential.co.uk/investors/calendar Count : com.sidsawant.webcrawler.page.WebPage@bb4c4cae
Item : https://www.prudential.co.uk/~/media/Files/P/Prudential-V2/hkex/2016/2016-02-16-chinese.pdf Count : com.sidsawant.webcrawler.page.WebPage@c62b474
Item : https://www.prudential.co.uk/about-us/our-history/timeline-prudential-over-the-years/1826-1901 Count : com.sidsawant.webcrawler.page.WebPage@94f3a469
Item : https://www.prudential.co.uk/about-us/our-leadership/board-of-directors/executive-directors/mike-wells Count : com.sidsawant.webcrawler.page.WebPage@a4312694
Item : https://www.prudential.co.uk/news/news-releases/2010/01-12-2010 Count : com.sidsawant.webcrawler.page.WebPage@b12480ca
Item : https://www.prudential.co.uk/~/media/Files/P/Prudential-V2/reports/2017/prudential-plc-ar-2017.pdf Count : com.sidsawant.webcrawler.page.WebPage@d6e29d4d
Item : https://www.prudential.co.uk/~/media/Files/P/Prudential-V2/content-pdf/policy-holders-as-at-24-july-2018-po.pdf Count : com.sidsawant.webcrawler.page.WebPage@d965309
Item : https://www.prudential.co.uk/insights/the-prudential-relationship-index Count : com.sidsawant.webcrawler.page.WebPage@554a631
Item : https://www.prudential.co.uk/~/media/Files/P/Prudential-V2/news-releases/2010/2010-08-12-chinese.pdf Count : com.sidsawant.webcrawler.page.WebPage@f81a688a
Item : https://www.prudential.co.uk/investors/governance-and-policies/code-of-business-conduct Count : com.sidsawant.webcrawler.page.WebPage@eef492d7
Item : https://www.prudential.co.uk/investors/reports/historical-reports/1986-1999 Count : com.sidsawant.webcrawler.page.WebPage@3567e3bd
Item : https://www.prudential.co.uk/insights/finance-in-relationships Count : com.sidsawant.webcrawler.page.WebPage@f8d120c8
Item : https://www.prudential.co.uk/news/news-releases/2017/18-12-2017 Count : com.sidsawant.webcrawler.page.WebPage@d21535e
Item : https://www.prudential.co.uk/~/media/Files/P/Prudential-V2/news-releases/2016/EEV-statements-10-08-16.pdf Count : com.sidsawant.webcrawler.page.WebPage@4d5cd2a6
Item : https://www.prudential.co.uk/~/media/Files/P/Prudential-V2/news-releases/2010/Q1-IMS-17-May-2010.pdf Count : com.sidsawant.webcrawler.page.WebPage@3d89c715
Item : https://www.prudential.co.uk/investors/shareholder-information/contact-registrar Count : com.sidsawant.webcrawler.page.WebPage@863dfef1
Item : https://www.prudential.co.uk/~/media/Files/P/Prudential-V2/reports/2017/gender-pay-gap-report-2017-prudential-plc.pdf Count : com.sidsawant.webcrawler.page.WebPage@9bfea4c
Item : https://www.prudential.co.uk/~/media/Files/P/Prudential-V2/news-releases/2017/ifrs-disclosure-10-08-17.pdf Count : com.sidsawant.webcrawler.page.WebPage@1e2aa67b
Item : https://www.prudential.co.uk/~/media/Files/P/Prudential-V2/hkex/2017/2017-03-14.pdf Count : com.sidsawant.webcrawler.page.WebPage@ac4d97d1
Item : https://www.prudential.co.uk/businesses/asia Count : com.sidsawant.webcrawler.page.WebPage@c37d7d3e
Item : https://www.prudential.co.uk/site-services/disclaimer Count : com.sidsawant.webcrawler.page.WebPage@a2d3d393
Item : https://www.prudential.co.uk/about-us/our-leadership/group-executive-committee/group-executive-committee/john-foley Count : com.sidsawant.webcrawler.page.WebPage@f256781f
Item : https://www.prudential.co.uk/ Count : com.sidsawant.webcrawler.page.WebPage@5910fb6c
Item : https://www.prudential.co.uk/~/media/Files/P/Prudential-V2/news-releases/2011/2011-11-15-chinese.pdf Count : com.sidsawant.webcrawler.page.WebPage@b2fc3995
Item : https://www.prudential.co.uk/news/news-releases/2017/15-08-2017 Count : com.sidsawant.webcrawler.page.WebPage@45ba317c
Item : https://www.prudential.co.uk/~/media/Files/P/Prudential-V2/hkex/2017/2017-03-14-chinese.pdf Count : com.sidsawant.webcrawler.page.WebPage@da9a75f1
Item : https://www.prudential.co.uk/investors/governance-and-policies/gender-diversity-statement Count : com.sidsawant.webcrawler.page.WebPage@be9a8a0a
Item : https://www.prudential.co.uk/insights/mike-wells-investing-in-the-next-fifty-years Count : com.sidsawant.webcrawler.page.WebPage@54f0fd1e
Item : https://www.prudential.co.uk/~/media/Files/P/Prudential-V2/hkex/2016/2016-03-09.pdf Count : com.sidsawant.webcrawler.page.WebPage@3468a417
Item : https://www.prudential.co.uk/~/media/Files/P/Prudential-V2/news-releases/2010/2010-12-08-english.pdf Count : com.sidsawant.webcrawler.page.WebPage@738778bb
Item : https://www.prudential.co.uk/~/media/Files/P/Prudential-V2/news-releases/2010/2010-11-10-english.pdf Count : com.sidsawant.webcrawler.page.WebPage@ffbb3073
Item : https://www.prudential.co.uk/news/news-releases/2017/12-07-2017 Count : com.sidsawant.webcrawler.page.WebPage@19b4ec58
Item : https://www.prudential.co.uk/news/executive-interviews Count : com.sidsawant.webcrawler.page.WebPage@a6b32154
Item : https://www.prudential.co.uk/responsibility/communities/disaster-readiness/safe-steps-disaster-survival-education Count : com.sidsawant.webcrawler.page.WebPage@6978d09f
Item : https://www.prudential.co.uk/investors/reports/reports/archive/2011/item5/fsa-returns-2011 Count : com.sidsawant.webcrawler.page.WebPage@9bca9dfa
Item : https://www.prudential.co.uk/~/media/Files/P/Prudential-V2/hkex/2016/2016-01-19-chinese.pdf Count : com.sidsawant.webcrawler.page.WebPage@f659ea18
Item : https://www.prudential.co.uk/responsibility/communities/education Count : com.sidsawant.webcrawler.page.WebPage@fcaa7d47
Item : https://www.prudential.co.uk/responsibility/communities/disaster-readiness/volunteering-to-build-disaster-resilient-homes Count : com.sidsawant.webcrawler.page.WebPage@e978ddf
Item : https://www.prudential.co.uk/news/news-releases/2011/31-03-2011 Count : com.sidsawant.webcrawler.page.WebPage@a68925d5
Item : https://www.prudential.co.uk/rss/news-releases Count : com.sidsawant.webcrawler.page.WebPage@4a56a5e3
Item : https://www.prudential.co.uk/investors/reports/reports/archive/2010/item14/fsa-returns-2010 Count : com.sidsawant.webcrawler.page.WebPage@4892dd4d
Item : https://www.prudential.co.uk/responsibility/communities/engagement/thailand-supporting-financial-education-in-schools Count : com.sidsawant.webcrawler.page.WebPage@9b0e32d3
Item : https://www.prudential.co.uk/news/news-releases/2017/10-08-2017 Count : com.sidsawant.webcrawler.page.WebPage@e9b7809b
Item : https://www.prudential.co.uk/news/news-releases/2016/29-09-2016 Count : com.sidsawant.webcrawler.page.WebPage@17956e9b
Item : https://www.prudential.co.uk/~/media/Files/P/Prudential-V2/content-pdf/ar2016-index-principal-dirs-disclosures-pg-108.pdf Count : com.sidsawant.webcrawler.page.WebPage@bc2fec2a
Item : https://www.prudential.co.uk/~/media/Files/P/Prudential-V2/hkex/2016/2016-02-01-chinese.pdf Count : com.sidsawant.webcrawler.page.WebPage@81f5ca50
Item : https://www.prudential.co.uk/~/media/Files/P/Prudential-V2/news-releases/2011/2011-03-09-english.pdf Count : com.sidsawant.webcrawler.page.WebPage@bc9e6fba
Item : https://www.prudential.co.uk/~/media/Files/P/Prudential-V2/hkex/2017/2017-08-10b-chinese.pdf Count : com.sidsawant.webcrawler.page.WebPage@2e0dda40
Item : https://www.prudential.co.uk/about-us/our-history/timeline-prudential-over-the-years Count : com.sidsawant.webcrawler.page.WebPage@bded11d2
Item : https://www.prudential.co.uk/~/media/Files/P/Prudential-V2/hkex/2018/2018-03-01-chinese.pdf Count : com.sidsawant.webcrawler.page.WebPage@f6df896f
Item : https://www.prudential.co.uk/news/news-releases/2016/19-01-2016 Count : com.sidsawant.webcrawler.page.WebPage@2be44cd0
Item : https://www.prudential.co.uk Count : com.sidsawant.webcrawler.page.WebPage@62317e11
Item : https://www.prudential.co.uk/about-us/our-leadership/group-executive-committee/group-executive-committee/nic-nicandrou Count : com.sidsawant.webcrawler.page.WebPage@bec4b760
Item : https://www.prudential.co.uk/~/media/Files/P/Prudential-V2/reports/2017/esg-report-2017.pdf Count : com.sidsawant.webcrawler.page.WebPage@4ccbab89
Item : https://www.prudential.co.uk/about-us/our-history/prudential-and-the-first-world-war Count : com.sidsawant.webcrawler.page.WebPage@d3397d37
Item : https://www.prudential.co.uk/~/media/Files/P/Prudential-V2/content-pdf/fact-file-2018.pdf Count : com.sidsawant.webcrawler.page.WebPage@a2fb43e1
Item : https://www.prudential.co.uk/~/media/Files/P/Prudential-V2/bond-issues/bond-issues-15.pdf Count : com.sidsawant.webcrawler.page.WebPage@d8e765d3
Item : https://www.prudential.co.uk/investors/shareholder-information/historical-information/aia-transaction-archive/shareholder-information Count : com.sidsawant.webcrawler.page.WebPage@2e0279ba
Item : https://www.prudential.co.uk/about-us/our-history/our-businesses-through-history Count : com.sidsawant.webcrawler.page.WebPage@a3bdc5d9
Item : https://www.prudential.co.uk/news/news-releases/2017/16-11-2017 Count : com.sidsawant.webcrawler.page.WebPage@acbeb812
Item : https://www.prudential.co.uk/~/media/Files/P/Prudential-V2/content-pdf/cr-in-africa-dec2017.pdf Count : com.sidsawant.webcrawler.page.WebPage@b718f009
Item : https://www.prudential.co.uk/investors/shareholder-information/historical-information/aia-transaction-archive/aia-transaction-archive Count : com.sidsawant.webcrawler.page.WebPage@fe823d7f
Item : https://www.prudential.co.uk/news/news-releases/2018/23-01-2018 Count : com.sidsawant.webcrawler.page.WebPage@ffa4c4ff
Item : https://www.prudential.co.uk/news/news-releases/2016/10-08-2016 Count : com.sidsawant.webcrawler.page.WebPage@cbac6faa
Item : https://www.prudential.co.uk/responsibility/communities/education/kenyan-scholarship-scheme-launched Count : com.sidsawant.webcrawler.page.WebPage@cbf16172
Item : https://www.prudential.co.uk/~/media/Files/P/Prudential-V2/content-pdf/ar2016-board-gov-pgs-82-88.pdf Count : com.sidsawant.webcrawler.page.WebPage@9917b20f
Item : https://www.prudential.co.uk/news/news-releases/2018/02-08-2018 Count : com.sidsawant.webcrawler.page.WebPage@18e1712d
Item : https://www.prudential.co.uk/~/media/Files/P/Prudential-V2/hkex/2016/2016-11-16.pdf Count : com.sidsawant.webcrawler.page.WebPage@fa754b76
Item : https://www.prudential.co.uk/investors/financial-highlights Count : com.sidsawant.webcrawler.page.WebPage@5853b5e9
Item : https://www.prudential.co.uk/~/media/Files/P/Prudential-V2/hkex/2016/2016-01-19a-chinese.PDF Count : com.sidsawant.webcrawler.page.WebPage@8fdf38cf
Item : https://www.prudential.co.uk/~/media/Files/P/Prudential-V2/hkex/2017/2017-08-10-chinese.pdf Count : com.sidsawant.webcrawler.page.WebPage@8867b148
Item : https://www.prudential.co.uk/~/media/Files/P/Prudential-V2/content-pdf/modern-slavery-statement-2017a.pdf Count : com.sidsawant.webcrawler.page.WebPage@f6077eee
Item : https://www.prudential.co.uk/investors/shareholder-information/dividend/cash-dividend Count : com.sidsawant.webcrawler.page.WebPage@7021df62
Item : https://www.prudential.co.uk/~/media/Files/P/Prudential-V2/news-releases/2011/09-03-2011-chinese.pdf Count : com.sidsawant.webcrawler.page.WebPage@38fb81f7
Item : https://www.prudential.co.uk/news/news-releases/2017/03-10-2017 Count : com.sidsawant.webcrawler.page.WebPage@e2a43922
Item : https://www.prudential.co.uk/~/media/Files/P/Prudential-V2/content-pdf/ar2016-group-gov-pg-76.pdf Count : com.sidsawant.webcrawler.page.WebPage@cfd338db
Item : https://www.prudential.co.uk/~/media/Files/P/Prudential-V2/hkex/2016/2016-11-10a-chinese.pdf Count : com.sidsawant.webcrawler.page.WebPage@63a58077
Item : https://www.prudential.co.uk/news/investor-conference-highlights Count : com.sidsawant.webcrawler.page.WebPage@fc2baa7c
Item : https://www.prudential.co.uk/about-us/our-leadership/group-executive-committee Count : com.sidsawant.webcrawler.page.WebPage@3daeeb33
Item : https://www.prudential.co.uk/~/media/Files/P/Prudential-V2/hkex/2016/2016-11-16-chinese.pdf Count : com.sidsawant.webcrawler.page.WebPage@7b7ab496
Item : https://www.prudential.co.uk/investors Count : com.sidsawant.webcrawler.page.WebPage@c3c1219a
Item : https://www.prudential.co.uk/~/media/Files/P/Prudential-V2/hkex/2017/2017-11-16-investor-day-chinese.pdf Count : com.sidsawant.webcrawler.page.WebPage@c1cbc2c4
Item : https://www.prudential.co.uk/~/media/Files/P/Prudential-V2/bond-issues/mtn-03-06-2016.pdf Count : com.sidsawant.webcrawler.page.WebPage@856ae22c
Item : https://www.prudential.co.uk/news/news-releases/2010/08-12-2010 Count : com.sidsawant.webcrawler.page.WebPage@a903595f
Item : https://www.prudential.co.uk/~/media/Files/P/Prudential-V2/news-releases/2016/risk-factors-10-08-16.pdf Count : com.sidsawant.webcrawler.page.WebPage@b3eb511b
Item : https://www.prudential.co.uk/rss/presentations Count : com.sidsawant.webcrawler.page.WebPage@ea503b76
Item : https://www.prudential.co.uk/news/news-releases/2010/10-11-2010 Count : com.sidsawant.webcrawler.page.WebPage@3227bb40
Item : https://www.prudential.co.uk/~/media/Files/P/Prudential-V2/content-pdf/asean-insurance.PDF Count : com.sidsawant.webcrawler.page.WebPage@83e5a507
Item : https://www.prudential.co.uk/contacts/general Count : com.sidsawant.webcrawler.page.WebPage@4ada6273
Item : https://www.prudential.co.uk/~/media/Files/P/Prudential-V2/hkex/2018/2018-03-14a.pdf Count : com.sidsawant.webcrawler.page.WebPage@5405e76
Item : https://www.prudential.co.uk/news/news-releases/2010/17-05-2010 Count : com.sidsawant.webcrawler.page.WebPage@649fa29
Item : https://www.prudential.co.uk/site-services/site-map Count : com.sidsawant.webcrawler.page.WebPage@89ae789e
Item : https://www.prudential.co.uk/~/media/Files/P/Prudential-V2/content-pdf/grc-tor-at-06-12-2017-chinese.pdf Count : com.sidsawant.webcrawler.page.WebPage@ce2176d2
Item : https://www.prudential.co.uk/news/news-releases/2011/05-08-2011 Count : com.sidsawant.webcrawler.page.WebPage@bd97b5ce
Item : https://www.prudential.co.uk/investors/credit-investors Count : com.sidsawant.webcrawler.page.WebPage@615efe0e
Item : https://www.prudential.co.uk/~/media/Files/P/Prudential-V2/news-releases/2011/eev_hy11.pdf Count : com.sidsawant.webcrawler.page.WebPage@c8dc01ed
Item : https://www.prudential.co.uk/about-us/our-customers Count : com.sidsawant.webcrawler.page.WebPage@61f85d8b
Item : https://www.prudential.co.uk/news/news-releases/2018/14-03-2018 Count : com.sidsawant.webcrawler.page.WebPage@3181f0dc
Item : https://www.prudential.co.uk/insights/americas-retirement-crisis Count : com.sidsawant.webcrawler.page.WebPage@b1498056
Item : https://www.prudential.co.uk/investors/shareholder-information Count : com.sidsawant.webcrawler.page.WebPage@deae83ce
Item : https://www.prudential.co.uk/investors/reports/reports/archive/2010 Count : com.sidsawant.webcrawler.page.WebPage@6a61cf44
Item : https://www.prudential.co.uk/~/media/Files/P/Prudential-V2/hkex/2016/2016-03-09-chinese.pdf Count : com.sidsawant.webcrawler.page.WebPage@d79fdc37
Item : https://www.prudential.co.uk/investors/reports/reports/archive/2011 Count : com.sidsawant.webcrawler.page.WebPage@2a707be2
Item : https://www.prudential.co.uk/~/media/Files/P/Prudential-V2/news-releases/2011/2011-07-22b.pdf Count : com.sidsawant.webcrawler.page.WebPage@9d1f19be
Item : https://www.prudential.co.uk/~/media/Files/P/Prudential-V2/news-releases/2017/eev-statements-10-08-17.pdf Count : com.sidsawant.webcrawler.page.WebPage@6210eac8
Item : https://www.prudential.co.uk/~/media/Files/P/Prudential-V2/content-pdf/preww2polish-staff.pdf Count : com.sidsawant.webcrawler.page.WebPage@b56ada5f
Item : https://www.prudential.co.uk/~/media/Files/P/Prudential-V2/hkex/2016/2016-01-19b-chinese.pdf Count : com.sidsawant.webcrawler.page.WebPage@7e62bb70
Item : https://www.prudential.co.uk/~/media/Files/P/Prudential-V2/hkex/2018/2018-07-25a.pdf Count : com.sidsawant.webcrawler.page.WebPage@8ced2e5a
Item : https://www.prudential.co.uk/news/news-releases/2018/09-03-2018 Count : com.sidsawant.webcrawler.page.WebPage@2755c261
Item : https://www.prudential.co.uk/responsibility/communities/inclusion Count : com.sidsawant.webcrawler.page.WebPage@683b067b
Item : https://www.prudential.co.uk/investors/share-price-information/london-share-price/chart Count : com.sidsawant.webcrawler.page.WebPage@49b644c0
Item : https://www.prudential.co.uk/~/media/Files/P/Prudential-V2/hkex/2018/2018-08-08b-chinese.pdf Count : com.sidsawant.webcrawler.page.WebPage@4ef2e057
Item : https://www.prudential.co.uk/news/news-releases/2018/07-09-2018 Count : com.sidsawant.webcrawler.page.WebPage@89bd408c
Item : https://www.prudential.co.uk/investors/governance-and-policies/group-environment-policy Count : com.sidsawant.webcrawler.page.WebPage@cba0a584
Item : https://www.prudential.co.uk/~/media/Files/P/Prudential-V2/bond-issues/bond-issue-xs1327048564.pdf Count : com.sidsawant.webcrawler.page.WebPage@2122ee7f
Item : https://www.prudential.co.uk/news/news-releases/2016/15-11-2016 Count : com.sidsawant.webcrawler.page.WebPage@8baa0ccf
Item : https://www.prudential.co.uk/insights/getting-to-know-china Count : com.sidsawant.webcrawler.page.WebPage@e443a4d5
Item : https://www.prudential.co.uk/responsibility/standards Count : com.sidsawant.webcrawler.page.WebPage@fa5fcbf8
Item : https://www.prudential.co.uk/~/media/Files/P/Prudential-V2/bond-issues/bond-issues-14.pdf Count : com.sidsawant.webcrawler.page.WebPage@d8d94e52
Item : https://www.prudential.co.uk/about-us/our-leadership/board-of-directors/non-executive-directors/alice-schroeder Count : com.sidsawant.webcrawler.page.WebPage@68bc2fec
Item : https://www.prudential.co.uk/investors/shareholder-information/dividend/dividend-re-investment-plan-drip Count : com.sidsawant.webcrawler.page.WebPage@816c45a2
Item : https://www.prudential.co.uk/about-us/our-leadership/board-of-directors/executive-directors/james-turner Count : com.sidsawant.webcrawler.page.WebPage@8f4eee99
Item : https://www.prudential.co.uk/investors/regulatory-news/hkex/2018 Count : com.sidsawant.webcrawler.page.WebPage@3ce3c1f1
Item : https://www.prudential.co.uk/responsibility/performance/greenhouse-gas-emissions Count : com.sidsawant.webcrawler.page.WebPage@1c84f696
Item : https://www.prudential.co.uk/~/media/Files/P/Prudential-V2/content-pdf/gac-tor-at-06-12-2017.pdf Count : com.sidsawant.webcrawler.page.WebPage@e0958ce3
Item : https://www.prudential.co.uk/investors/shareholder-information/forms Count : com.sidsawant.webcrawler.page.WebPage@9ecd6be1
Item : https://www.prudential.co.uk/responsibility/communities/engagement/call-in-time-befriending-lonely-older-people Count : com.sidsawant.webcrawler.page.WebPage@da45ec5a
Item : https://www.prudential.co.uk/about-us/our-leadership/board-of-directors/non-executive-directors/philip-remnant Count : com.sidsawant.webcrawler.page.WebPage@7b30034e
Item : https://www.prudential.co.uk/~/media/Files/P/Prudential-V2/news-releases/2010/2010-12-01-english.pdf Count : com.sidsawant.webcrawler.page.WebPage@edf24b34
Item : https://www.prudential.co.uk/insights/the-science-of-saving Count : com.sidsawant.webcrawler.page.WebPage@55952512
Item : https://www.prudential.co.uk/news/news-releases/2016/22-03-2016 Count : com.sidsawant.webcrawler.page.WebPage@b83d42eb
Item : https://www.prudential.co.uk/~/media/Files/P/Prudential-V2/news-releases/2010/2010-08-12-english.pdf Count : com.sidsawant.webcrawler.page.WebPage@b714708d
Item : https://www.prudential.co.uk/responsibility/communities/inclusion/corporate-responsibility-in-africa Count : com.sidsawant.webcrawler.page.WebPage@e26f269
Item : https://www.prudential.co.uk/~/media/Files/P/Prudential-V2/content-pdf/ar2016-risk-appetite-and-exposures-pgs-50-61.pdf Count : com.sidsawant.webcrawler.page.WebPage@32978ef3
Item : https://www.prudential.co.uk/news/news-releases/2016/01-02-2016 Count : com.sidsawant.webcrawler.page.WebPage@d283ff52
Item : https://www.prudential.co.uk/investors/governance-and-policies/prudential-group-health-and-safety-policy Count : com.sidsawant.webcrawler.page.WebPage@a6f32bc3
Item : https://www.prudential.co.uk/responsibility/communities/education/prudential-africas-scholarship-programme Count : com.sidsawant.webcrawler.page.WebPage@a0ef85c8
Item : https://www.prudential.co.uk/investors/results-centre/results-archive/2018 Count : com.sidsawant.webcrawler.page.WebPage@8a183bf3
Item : https://www.prudential.co.uk/about-us/our-history/pre-wwii-business Count : com.sidsawant.webcrawler.page.WebPage@dd9b0a76
Item : https://www.prudential.co.uk/investors/results-centre/results-archive/2017 Count : com.sidsawant.webcrawler.page.WebPage@6036a8be
Item : https://www.prudential.co.uk/~/media/Files/P/Prudential-V2/hkex/2018/2018-03-14b.pdf Count : com.sidsawant.webcrawler.page.WebPage@54e75f7
Item : https://www.prudential.co.uk/~/media/Files/P/Prudential-V2/news-releases/2010/2010-12-08-chinese.pdf Count : com.sidsawant.webcrawler.page.WebPage@b48d70b8
Item : https://www.prudential.co.uk/~/media/Files/P/Prudential-V2/hkex/2016/2016-01-19a.PDF Count : com.sidsawant.webcrawler.page.WebPage@348838af
Item : https://www.prudential.co.uk/~/media/Files/P/Prudential-V2/news-releases/2011/2011-08-05-english.pdf Count : com.sidsawant.webcrawler.page.WebPage@6a6bab11
Item : https://www.prudential.co.uk/investors/results-centre/results-archive/2016 Count : com.sidsawant.webcrawler.page.WebPage@e77e29f7
Item : https://www.prudential.co.uk/responsibility/performance/gender-diversity Count : com.sidsawant.webcrawler.page.WebPage@9b679dd6
Item : https://www.prudential.co.uk/about-us/our-history Count : com.sidsawant.webcrawler.page.WebPage@9d317ed0
Item : https://www.prudential.co.uk/~/media/Files/P/Prudential-V2/content-pdf/prudential-share-register-privacy-notice.pdf Count : com.sidsawant.webcrawler.page.WebPage@b4090932
Item : https://www.prudential.co.uk/insights/stock-market-investing-for-the-long-term Count : com.sidsawant.webcrawler.page.WebPage@5fa67565
Item : https://www.prudential.co.uk/news/news-releases/2018/08-08-2018a Count : com.sidsawant.webcrawler.page.WebPage@d3d05623
Item : https://www.prudential.co.uk/news/news-releases/2016/18-11-2016 Count : com.sidsawant.webcrawler.page.WebPage@c30e61ae
Item : https://www.prudential.co.uk/~/media/Files/P/Prudential-V2/content-pdf/ar2017-risk-cttee-pgs-115-119.pdf Count : com.sidsawant.webcrawler.page.WebPage@6654ff1a
Item : https://www.prudential.co.uk/responsibility/communities/disaster-readiness/india-building-new-homes-for-families Count : com.sidsawant.webcrawler.page.WebPage@582704b5
Item : https://www.prudential.co.uk/~/media/Files/P/Prudential-V2/news-releases/2010/2010-06-07-chinese.pdf Count : com.sidsawant.webcrawler.page.WebPage@fba803b2
Item : https://www.prudential.co.uk/about-us/our-leadership/board-of-directors/chairman/paul-manduca Count : com.sidsawant.webcrawler.page.WebPage@c8ee8d43
Item : https://www.prudential.co.uk/news/news-releases/2018/27-07-2018 Count : com.sidsawant.webcrawler.page.WebPage@e30da8ef
Item : https://www.prudential.co.uk/~/media/Files/P/Prudential-V2/content-pdf/ar2016-nomination-gov-cttee-pgs-92-94.pdf Count : com.sidsawant.webcrawler.page.WebPage@deb7e47f
Item : https://www.prudential.co.uk/responsibility/communities/education/prudential-apprenticeships-providing-a-great-start Count : com.sidsawant.webcrawler.page.WebPage@d381158b
Item : https://www.prudential.co.uk/about-us/our-leadership/board-of-directors/non-executive-directors/david-law Count : com.sidsawant.webcrawler.page.WebPage@7d1a0921
Item : https://www.prudential.co.uk/~/media/Files/P/Prudential-V2/hkex/2018/2018-07-25a-chinese.pdf Count : com.sidsawant.webcrawler.page.WebPage@1de3737a
Item : https://www.prudential.co.uk/about-us/our-leadership/board-of-directors/non-executive-directors/sir-howard-davies Count : com.sidsawant.webcrawler.page.WebPage@306e3fcf
Item : https://www.prudential.co.uk/site-services/rss Count : com.sidsawant.webcrawler.page.WebPage@4baf8314
Item : https://www.prudential.co.uk/~/media/Files/P/Prudential-V2/content-pdf/assurance-statement-2017b.pdf Count : com.sidsawant.webcrawler.page.WebPage@f617a33a
Item : https://www.prudential.co.uk/news/news-releases/2016/22-12-2016 Count : com.sidsawant.webcrawler.page.WebPage@1290af2a
Item : https://www.prudential.co.uk/~/media/Files/P/Prudential-V2/content-pdf/gngc-tor-at-06-12-2017-chinese.pdf Count : com.sidsawant.webcrawler.page.WebPage@76e2b46f
Item : https://www.prudential.co.uk/news/news-releases/2010/12-08-2010 Count : com.sidsawant.webcrawler.page.WebPage@4096e0f9
Item : https://www.prudential.co.uk/investors/results-centre/results-archive/2017/10-aug-2017 Count : com.sidsawant.webcrawler.page.WebPage@7cba9a3c
Item : https://www.prudential.co.uk/~/media/Files/P/Prudential-V2/hkex/2016/2016-01-19.pdf Count : com.sidsawant.webcrawler.page.WebPage@665b22f8
Item : https://www.prudential.co.uk/contacts/investor-relations Count : com.sidsawant.webcrawler.page.WebPage@6428bc72
Item : https://www.prudential.co.uk/insights/spending-habits-in-uk-retirement Count : com.sidsawant.webcrawler.page.WebPage@72517f67
Item : https://www.prudential.co.uk/responsibility/communities/engagement Count : com.sidsawant.webcrawler.page.WebPage@61e9ab57
Item : https://www.prudential.co.uk/news/news-releases/2018/06-06-2018 Count : com.sidsawant.webcrawler.page.WebPage@83e32827
Item : https://www.prudential.co.uk/about-us/our-history/interactive-history Count : com.sidsawant.webcrawler.page.WebPage@45b092dc
Item : https://www.prudential.co.uk/insights/mike-wells-finding-new-ways-to-invest-in-infrastructure Count : com.sidsawant.webcrawler.page.WebPage@96ed5170
Item : https://www.prudential.co.uk/investors/share-price-information/london-share-price/share-price Count : com.sidsawant.webcrawler.page.WebPage@97d9b033
Item : https://www.prudential.co.uk/~/media/Files/P/Prudential-V2/content-pdf/gremco-tor-at-06-12-2017.pdf Count : com.sidsawant.webcrawler.page.WebPage@d7af338b
Item : https://www.prudential.co.uk/about-us/our-leadership/board-of-directors Count : com.sidsawant.webcrawler.page.WebPage@bc6ae69e
Item : https://www.prudential.co.uk/news/news-releases/2018/15-08-2018 Count : com.sidsawant.webcrawler.page.WebPage@fe364fe0
Item : https://www.prudential.co.uk/~/media/Files/P/Prudential-V2/hkex/2018/2018-03-14a-chinese.PDF Count : com.sidsawant.webcrawler.page.WebPage@9f824b76
Item : https://www.prudential.co.uk/businesses/africa Count : com.sidsawant.webcrawler.page.WebPage@fc5c8c95
Item : https://www.prudential.co.uk/investors/governance-and-policies/managing-corporate-responsibility-policy Count : com.sidsawant.webcrawler.page.WebPage@8e9c360f
Item : https://www.prudential.co.uk/investors/reports/reports/2018 Count : com.sidsawant.webcrawler.page.WebPage@be7c2d77
Item : https://www.prudential.co.uk/investors/reports/reports/2017 Count : com.sidsawant.webcrawler.page.WebPage@8e4ad1d9
Item : https://www.prudential.co.uk/~/media/Files/P/Prudential-V2/content-pdf/assurance-statement-2016.pdf Count : com.sidsawant.webcrawler.page.WebPage@4340af4d
Item : https://www.prudential.co.uk/news Count : com.sidsawant.webcrawler.page.WebPage@9c7e2290
Item : https://www.prudential.co.uk/~/media/Files/P/Prudential-V2/news-releases/2017/risk-factors-10-08-17.pdf Count : com.sidsawant.webcrawler.page.WebPage@ed4a795d
Item : https://www.prudential.co.uk/news/news-releases/2017/23-02-2017 Count : com.sidsawant.webcrawler.page.WebPage@5d41fa73
Item : https://www.prudential.co.uk/news/news-releases/2010/01-03-2010 Count : com.sidsawant.webcrawler.page.WebPage@f1926bd5
Item : https://www.prudential.co.uk/~/media/Files/P/Prudential-V2/bond-issues/bond-issues-09.pdf Count : com.sidsawant.webcrawler.page.WebPage@d76aeb38
Item : https://www.prudential.co.uk/~/media/Files/P/Prudential-V2/hkex/2017/2017-02-23.pdf Count : com.sidsawant.webcrawler.page.WebPage@46132c10
Item : https://www.prudential.co.uk/news/executive-interviews/archive Count : com.sidsawant.webcrawler.page.WebPage@d4f59e76
Item : https://www.prudential.co.uk/~/media/Files/P/Prudential-V2/news-releases/2010/riskfactor0810xyz.pdf Count : com.sidsawant.webcrawler.page.WebPage@284ade46
Item : https://www.prudential.co.uk/~/media/Files/P/Prudential-V2/news-releases/2011/2011-11-08-english.pdf Count : com.sidsawant.webcrawler.page.WebPage@5ba18b7c
Item : https://www.prudential.co.uk/investors/results-centre Count : com.sidsawant.webcrawler.page.WebPage@a000ff30
Item : https://www.prudential.co.uk/responsibility/communities/engagement/united-states-inspiring-young-people-to-succeed Count : com.sidsawant.webcrawler.page.WebPage@a905e7a9
Item : https://www.prudential.co.uk/~/media/Files/P/Prudential-V2/content-pdf/gremco-tor-at-06-12-2017-chinese.pdf Count : com.sidsawant.webcrawler.page.WebPage@3de9b7ab
Item : https://www.prudential.co.uk/news/news-releases/2011/15-11-2011 Count : com.sidsawant.webcrawler.page.WebPage@5c8ac8bc
Item : https://www.prudential.co.uk/rss/regulatory-news-hkex Count : com.sidsawant.webcrawler.page.WebPage@d7b1475c
Item : https://www.prudential.co.uk/~/media/Files/P/Prudential-V2/hkex/2017/2017-08-10b.pdf Count : com.sidsawant.webcrawler.page.WebPage@8b75bb20
Item : https://www.prudential.co.uk/responsibility/communities/inclusion/greenhouse-changing-life-through-sport Count : com.sidsawant.webcrawler.page.WebPage@60c05c98
Item : https://www.prudential.co.uk/insights/life-insurance-and-economic-development-in-africa Count : com.sidsawant.webcrawler.page.WebPage@f194b6b9
Item : https://www.prudential.co.uk/news/news-releases/2017/05-04-2017 Count : com.sidsawant.webcrawler.page.WebPage@dd1a3e5f
Item : https://www.prudential.co.uk/investors/calendar/2018 Count : com.sidsawant.webcrawler.page.WebPage@127a0074
Item : https://www.prudential.co.uk/~/media/Files/P/Prudential-V2/news-releases/2017/news-release-busrev-10-08-17.pdf Count : com.sidsawant.webcrawler.page.WebPage@d2b606f4
Item : https://www.prudential.co.uk/responsibility/performance Count : com.sidsawant.webcrawler.page.WebPage@f52d627f
Item : https://www.prudential.co.uk/~/media/Files/P/Prudential-V2/reports/2017/CR-Report-2017.pdf Count : com.sidsawant.webcrawler.page.WebPage@a6ee5b05
Item : https://www.prudential.co.uk/about-us/our-leadership/board-of-directors/executive-directors/mark-fitzpatrick Count : com.sidsawant.webcrawler.page.WebPage@3dd1dedf
Item : https://www.prudential.co.uk/~/media/Files/P/Prudential-V2/hkex/2018/2018-08-08.pdf Count : com.sidsawant.webcrawler.page.WebPage@28ad8e31
Item : https://www.prudential.co.uk/~/media/Files/P/Prudential-V2/content-pdf/odi-paper-insurance-marketsfinal.pdf Count : com.sidsawant.webcrawler.page.WebPage@a3ab8338
Item : https://www.prudential.co.uk/~/media/Files/P/Prudential-V2/news-releases/2011/ifrs-disclosure-090311.pdf Count : com.sidsawant.webcrawler.page.WebPage@cf539b90
Item : https://www.prudential.co.uk/about-us/our-leadership/group-executive-committee/group-executive-committee/alan-porter Count : com.sidsawant.webcrawler.page.WebPage@be72253f
Item : https://www.prudential.co.uk/~/media/Files/P/Prudential-V2/news-releases/2010/2010-10-15-english.pdf Count : com.sidsawant.webcrawler.page.WebPage@c6b87319
Item : https://www.prudential.co.uk/~/media/Files/P/Prudential-V2/hkex/2018/2018-03-01.pdf Count : com.sidsawant.webcrawler.page.WebPage@20e5094f
Item : https://www.prudential.co.uk/responsibility/communities/education/cha-ching-instilling-financial-literacy Count : com.sidsawant.webcrawler.page.WebPage@bf773581
Item : https://www.prudential.co.uk/news/mandgprudential-demerger/animation Count : com.sidsawant.webcrawler.page.WebPage@3b441f72
Item : https://www.prudential.co.uk/~/media/Files/P/Prudential-V2/news-releases/2018/2018-hy-financial-supplement.xlsx Count : com.sidsawant.webcrawler.page.WebPage@c23d17ac
Item : https://www.prudential.co.uk/news/news-releases/2018 Count : com.sidsawant.webcrawler.page.WebPage@797a54dd
Item : https://www.prudential.co.uk/news/news-releases/2017 Count : com.sidsawant.webcrawler.page.WebPage@277383b9
Item : https://www.prudential.co.uk/insights/the-language-of-retirement Count : com.sidsawant.webcrawler.page.WebPage@49f10e0a
Item : https://www.prudential.co.uk/about-us/our-leadership/board-of-directors/non-executive-directors/anthony-nightingale Count : com.sidsawant.webcrawler.page.WebPage@fe26bb54
Item : https://www.prudential.co.uk/news/news-releases/2016 Count : com.sidsawant.webcrawler.page.WebPage@99577bc5
Item : https://www.prudential.co.uk/news/news-releases/2011/11-05-2011 Count : com.sidsawant.webcrawler.page.WebPage@2730a269
Item : https://www.prudential.co.uk/contacts/investor-relations/analysts-coverage Count : com.sidsawant.webcrawler.page.WebPage@b35e86a6
Item : https://www.prudential.co.uk/news/news-releases/2010/15-10-2010 Count : com.sidsawant.webcrawler.page.WebPage@72cd81f9
Item : https://www.prudential.co.uk/site-services/privacy-and-cookies Count : com.sidsawant.webcrawler.page.WebPage@3529e4cc
Item : https://www.prudential.co.uk/about-us/our-leadership/group-executive-committee/group-executive-committee/barry-stowe Count : com.sidsawant.webcrawler.page.WebPage@8e7d2a05
Item : https://www.prudential.co.uk/news/news-releases/2011/08-11-2011 Count : com.sidsawant.webcrawler.page.WebPage@e6c615a
Item : https://www.prudential.co.uk/about-us/our-leadership/board-of-directors/non-executive-directors/fields-wicker-miurin Count : com.sidsawant.webcrawler.page.WebPage@da74beb6
Item : https://www.prudential.co.uk/about-us/our-leadership/group-executive-committee/group-executive-committee/tim-rolfe Count : com.sidsawant.webcrawler.page.WebPage@366c3a15
Item : https://www.prudential.co.uk/insights/when-would-you-like-to-retire Count : com.sidsawant.webcrawler.page.WebPage@237e5a43
Item : https://www.prudential.co.uk/investors/shareholder-information/agm/2016 Count : com.sidsawant.webcrawler.page.WebPage@d4fedf77
Item : https://www.prudential.co.uk/investors/shareholder-information/agm/2017 Count : com.sidsawant.webcrawler.page.WebPage@d4fedf78
Item : https://www.prudential.co.uk/~/media/Files/P/Prudential-V2/news-releases/2011/2011-05-11-english.pdf Count : com.sidsawant.webcrawler.page.WebPage@ed87c10f
Item : https://www.prudential.co.uk/investors/shareholder-information/agm/2018 Count : com.sidsawant.webcrawler.page.WebPage@7045bd4d
Item : https://www.prudential.co.uk/~/media/Files/P/Prudential-V2/content-pdf/corporate-responsibility-review-2015.pdf Count : com.sidsawant.webcrawler.page.WebPage@f602fc8c
Item : https://www.prudential.co.uk/news/news-releases/2017/10-08-2017a Count : com.sidsawant.webcrawler.page.WebPage@ad49c3a5
Item : https://www.prudential.co.uk/~/media/Files/P/Prudential-V2/hkex/2016/2016-08-10.pdf Count : com.sidsawant.webcrawler.page.WebPage@3d048988
Item : https://www.prudential.co.uk/investors/reports/reports/archive/2011/item14/hy-report-2011 Count : com.sidsawant.webcrawler.page.WebPage@f5d5b58a
Item : https://www.prudential.co.uk/~/media/Files/P/Prudential-V2/bond-issues/bond-issue-xs1700429480.pdf Count : com.sidsawant.webcrawler.page.WebPage@985405d0
Item : https://www.prudential.co.uk/~/media/Files/P/Prudential-V2/content-pdf/pwwii-polish-questionnaire-14-08-14.pdf Count : com.sidsawant.webcrawler.page.WebPage@3ca171e1
Item : https://www.prudential.co.uk/site-services/alerts Count : com.sidsawant.webcrawler.page.WebPage@c7e5188f
Item : https://www.prudential.co.uk/responsibility/communities/inclusion/prudential-ridelondon/prudential-ridelondon-video-archive Count : com.sidsawant.webcrawler.page.WebPage@87754036
Item : https://www.prudential.co.uk/responsibility/communities/education/first-read-developing-childrens-skills Count : com.sidsawant.webcrawler.page.WebPage@e38588a7
Item : https://www.prudential.co.uk/investors/governance-and-policies/diversity-and-inclusion Count : com.sidsawant.webcrawler.page.WebPage@6547166e
Item : https://www.prudential.co.uk/news/news-releases/2018/08-08-2018 Count : com.sidsawant.webcrawler.page.WebPage@b52e5caf
Item : https://www.prudential.co.uk/news/news-releases/2011/15-11-2011a Count : com.sidsawant.webcrawler.page.WebPage@c665aa94
Item : https://www.prudential.co.uk/news/news-releases/2011/09-03-2011 Count : com.sidsawant.webcrawler.page.WebPage@a7d12d37
Item : https://www.prudential.co.uk/~/media/Files/P/Prudential-V2/news-releases/2010/eev_disc0810xyz.pdf Count : com.sidsawant.webcrawler.page.WebPage@3bdb0686
Item : https://www.prudential.co.uk/~/media/Files/P/Prudential-V2/reports/2017/prudential-tax-strategy-2017.pdf Count : com.sidsawant.webcrawler.page.WebPage@74e64d8f
Item : https://www.prudential.co.uk/responsibility/communities/engagement/chairmans-challenge-in-ghana Count : com.sidsawant.webcrawler.page.WebPage@6b1af4c3
Item : https://www.prudential.co.uk/insights/what-is-value-investing Count : com.sidsawant.webcrawler.page.WebPage@5da5165b
Item : https://www.prudential.co.uk/investors/results-centre/results-archive/2017/14-mar-2017 Count : com.sidsawant.webcrawler.page.WebPage@1d3726ed
Item : https://www.prudential.co.uk/~/media/Files/P/Prudential-V2/news-releases/2011/2011-12-20-chinese.pdf Count : com.sidsawant.webcrawler.page.WebPage@cddcc08e
Item : https://www.prudential.co.uk/careers Count : com.sidsawant.webcrawler.page.WebPage@ad801686
Item : https://www.prudential.co.uk/~/media/Files/P/Prudential-V2/content-pdf/roll-of-honour.pdf Count : com.sidsawant.webcrawler.page.WebPage@f4cab177
Item : https://www.prudential.co.uk/~/media/Files/P/Prudential-V2/aia-archive/rights-issue-prospectus.pdf Count : com.sidsawant.webcrawler.page.WebPage@4ca499de
Item : https://www.prudential.co.uk/~/media/Files/P/Prudential-V2/news-releases/2010/2010-12-01-chinese.pdf Count : com.sidsawant.webcrawler.page.WebPage@2ef84331
Item : https://www.prudential.co.uk/~/media/Files/P/Prudential-V2/news-releases/2011/eev_disclosure0311xyz.pdf Count : com.sidsawant.webcrawler.page.WebPage@477aceb3
Item : https://www.prudential.co.uk/~/media/Files/P/Prudential-V2/news-releases/2011/2011-08-05-chinese.pdf Count : com.sidsawant.webcrawler.page.WebPage@ab71a30e
Item : https://www.prudential.co.uk/businesses/jackson Count : com.sidsawant.webcrawler.page.WebPage@12a7cb5c
Item : https://www.prudential.co.uk/about-us/our-leadership/board-of-directors/executive-directors/barry-stowe Count : com.sidsawant.webcrawler.page.WebPage@b8961a1
Item : https://www.prudential.co.uk/investors/governance-and-policies Count : com.sidsawant.webcrawler.page.WebPage@2c529a32
Item : https://www.prudential.co.uk/~/media/Files/P/Prudential-V2/content-pdf/grc-tor-at-06-12-2017.pdf Count : com.sidsawant.webcrawler.page.WebPage@9cb009b2
Item : https://www.prudential.co.uk/~/media/Files/P/Prudential-V2/news-releases/2010/ifrs_disc0810xyz.pdf Count : com.sidsawant.webcrawler.page.WebPage@598e68d0
Item : https://www.prudential.co.uk/investors/reports/historical-reports/1949-1985 Count : com.sidsawant.webcrawler.page.WebPage@acfb470e
Item : https://www.prudential.co.uk/~/media/Files/P/Prudential-V2/bond-issues/bond-issues-16.pdf Count : com.sidsawant.webcrawler.page.WebPage@d8f57d54
Item : https://www.prudential.co.uk/~/media/Files/P/Prudential-V2/content-pdf/ar2017-audit-cttee-pgs-105-114.pdf Count : com.sidsawant.webcrawler.page.WebPage@a388b6c4
Item : https://www.prudential.co.uk/insights/attitudes-to-retirement-in-east-asia Count : com.sidsawant.webcrawler.page.WebPage@47604b34
Item : https://www.prudential.co.uk/~/media/Files/P/Prudential-V2/news-releases/2010/2010-06-07-english.pdf Count : com.sidsawant.webcrawler.page.WebPage@baa20bb5
Item : https://www.prudential.co.uk/news/news-releases/2017/09-02-2017 Count : com.sidsawant.webcrawler.page.WebPage@625dc525
Item : https://www.prudential.co.uk/responsibility/communities/engagement/uganda-volunteers-run-lessons-for-students Count : com.sidsawant.webcrawler.page.WebPage@a55606a2
Item : https://www.prudential.co.uk/~/media/Files/P/Prudential-V2/news-releases/2010/fy09.pdf Count : com.sidsawant.webcrawler.page.WebPage@6e23c830
printing urlhttps://www.prudential.co.uk
[INFO] ------------------------------------------------------------------------
[INFO] BUILD SUCCESS
[INFO] ------------------------------------------------------------------------
[INFO] Total time: 03:55 min
[INFO] Finished at: 2018-09-09T23:54:07+05:30
[INFO] Final Memory: 17M/283M
[INFO] ------------------------------------------------------------------------
